Model: MTEX-CNN

Dataset SWAT loaded
Training set size: 5623
Testing set size: 1875

Training on fold 1
Model: MTEX-CNN

Dataset SWAT loaded
Training set size: 5623
Testing set size: 1875

Training on fold 1
Accuracy Test: 0.9530666666666666

Training on fold 2
Accuracy Test: 0.9514666666666667

Training on fold 3
Accuracy Test: 0.9562666666666667

Training on fold 4
Accuracy Test: 0.9488

Training on fold 5
Accuracy Test: 0.9514666666666667

Training on the full train set
Accuracy Test: 0.9509333333333333
