Model: XCM

Dataset SWAT loaded
Training set size: 5623
Testing set size: 1875

Training on fold 1
Model: XCM

Dataset SWAT loaded
Training set size: 5623
Testing set size: 1875

Training on fold 1
precison Test: 0.7272727272727273

Training on fold 2
precison Test: 0.39285714285714285

Training on fold 3
precison Test: 0.46511627906976744
Model: XCM

Dataset SWAT loaded
Training set size: 5623
Testing set size: 1875
Model: XCM

Dataset SWAT loaded
Training set size: 5623
Testing set size: 1875
